<?xml version="1.0" encoding="UTF-8"?>
<coverage generated="1702089195235" clover="3.2.0">
  <project timestamp="1702089195235" name="All files">
    <metrics statements="32" coveredstatements="32" conditionals="2" coveredconditionals="2" methods="13" coveredmethods="13" elements="47" coveredelements="47" complexity="0" loc="32" ncloc="32" packages="1" files="3" classes="3"/>
    <file name="services.js" path="C:\Users\nipun\CS-307\Taskinator-Project\packages\express-backend\src\services.js">
      <metrics statements="28" coveredstatements="28" conditionals="2" coveredconditionals="2" methods="13" coveredmethods="13"/>
      <line num="6" count="1" type="stmt"/>
      <line num="8" count="1" type="stmt"/>
      <line num="12" count="2" type="stmt"/>
      <line num="17" count="1" type="stmt"/>
      <line num="21" count="1" type="stmt"/>
      <line num="26" count="2" type="cond" truecount="2" falsecount="0"/>
      <line num="27" count="1" type="stmt"/>
      <line num="29" count="1" type="stmt"/>
      <line num="31" count="2" type="stmt"/>
      <line num="36" count="2" type="stmt"/>
      <line num="41" count="1" type="stmt"/>
      <line num="46" count="6" type="stmt"/>
      <line num="51" count="1" type="stmt"/>
      <line num="52" count="1" type="stmt"/>
      <line num="53" count="1" type="stmt"/>
      <line num="54" count="1" type="stmt"/>
      <line num="59" count="1" type="stmt"/>
      <line num="64" count="1" type="stmt"/>
      <line num="69" count="1" type="stmt"/>
      <line num="70" count="1" type="stmt"/>
      <line num="71" count="1" type="stmt"/>
      <line num="72" count="1" type="stmt"/>
      <line num="77" count="2" type="stmt"/>
      <line num="84" count="2" type="stmt"/>
      <line num="89" count="1" type="stmt"/>
      <line num="92" count="1" type="stmt"/>
      <line num="98" count="1" type="stmt"/>
      <line num="102" count="1" type="stmt"/>
    </file>
    <file name="task.js" path="C:\Users\nipun\CS-307\Taskinator-Project\packages\express-backend\src\task.js">
      <metrics statements="2" coveredstatements="2" conditionals="0" coveredconditionals="0" methods="0" coveredmethods="0"/>
      <line num="3" count="1" type="stmt"/>
      <line num="45" count="1" type="stmt"/>
    </file>
    <file name="user.js" path="C:\Users\nipun\CS-307\Taskinator-Project\packages\express-backend\src\user.js">
      <metrics statements="2" coveredstatements="2" conditionals="0" coveredconditionals="0" methods="0" coveredmethods="0"/>
      <line num="3" count="1" type="stmt"/>
      <line num="28" count="1" type="stmt"/>
    </file>
  </project>
</coverage>
