{"C:\\Users\\nipun\\CS-307\\Taskinator-Project\\packages\\express-backend\\src\\services.js": {"path":"C:\\Users\\nipun\\CS-307\\Taskinator-Project\\packages\\express-backend\\src\\services.js","statementMap":{"0":{"start":{"line":6,"column":0},"end":{"line":6,"column":16}},"1":{"start":{"line":8,"column":0},"end":{"line":8,"column":28}},"2":{"start":{"line":12,"column":4},"end":{"line":17,"column":46}},"3":{"start":{"line":17,"column":26},"end":{"line":17,"column":44}},"4":{"start":{"line":21,"column":0},"end":{"line":21,"column":46}},"5":{"start":{"line":26,"column":4},"end":{"line":30,"column":5}},"6":{"start":{"line":27,"column":8},"end":{"line":27,"column":49}},"7":{"start":{"line":29,"column":8},"end":{"line":29,"column":35}},"8":{"start":{"line":31,"column":4},"end":{"line":31,"column":19}},"9":{"start":{"line":36,"column":4},"end":{"line":36,"column":34}},"10":{"start":{"line":41,"column":4},"end":{"line":41,"column":53}},"11":{"start":{"line":46,"column":4},"end":{"line":46,"column":38}},"12":{"start":{"line":51,"column":25},"end":{"line":51,"column":38}},"13":{"start":{"line":52,"column":24},"end":{"line":52,"column":55}},"14":{"start":{"line":53,"column":20},"end":{"line":53,"column":38}},"15":{"start":{"line":54,"column":4},"end":{"line":54,"column":19}},"16":{"start":{"line":59,"column":4},"end":{"line":59,"column":47}},"17":{"start":{"line":64,"column":4},"end":{"line":64,"column":43}},"18":{"start":{"line":69,"column":4},"end":{"line":69,"column":49}},"19":{"start":{"line":70,"column":20},"end":{"line":70,"column":39}},"20":{"start":{"line":71,"column":20},"end":{"line":71,"column":34}},"21":{"start":{"line":72,"column":4},"end":{"line":72,"column":19}},"22":{"start":{"line":77,"column":20},"end":{"line":83,"column":5}},"23":{"start":{"line":84,"column":4},"end":{"line":84,"column":19}},"24":{"start":{"line":89,"column":20},"end":{"line":91,"column":6}},"25":{"start":{"line":92,"column":4},"end":{"line":92,"column":19}},"26":{"start":{"line":98,"column":20},"end":{"line":101,"column":5}},"27":{"start":{"line":102,"column":4},"end":{"line":102,"column":19}}},"fnMap":{"0":{"name":"connectToMongo","decl":{"start":{"line":11,"column":15},"end":{"line":11,"column":29}},"loc":{"start":{"line":11,"column":35},"end":{"line":18,"column":1}},"line":11},"1":{"name":"(anonymous_1)","decl":{"start":{"line":17,"column":15},"end":{"line":17,"column":16}},"loc":{"start":{"line":17,"column":26},"end":{"line":17,"column":44}},"line":17},"2":{"name":"getUsers","decl":{"start":{"line":24,"column":9},"end":{"line":24,"column":17}},"loc":{"start":{"line":24,"column":24},"end":{"line":32,"column":1}},"line":24},"3":{"name":"getUserById","decl":{"start":{"line":35,"column":9},"end":{"line":35,"column":20}},"loc":{"start":{"line":35,"column":25},"end":{"line":37,"column":1}},"line":35},"4":{"name":"getUserByUsername","decl":{"start":{"line":40,"column":9},"end":{"line":40,"column":26}},"loc":{"start":{"line":40,"column":37},"end":{"line":42,"column":1}},"line":40},"5":{"name":"getTaskListById","decl":{"start":{"line":45,"column":9},"end":{"line":45,"column":24}},"loc":{"start":{"line":45,"column":29},"end":{"line":47,"column":1}},"line":45},"6":{"name":"createTaskList","decl":{"start":{"line":50,"column":9},"end":{"line":50,"column":23}},"loc":{"start":{"line":50,"column":26},"end":{"line":55,"column":1}},"line":50},"7":{"name":"deleteTaskListById","decl":{"start":{"line":58,"column":9},"end":{"line":58,"column":27}},"loc":{"start":{"line":58,"column":32},"end":{"line":60,"column":1}},"line":58},"8":{"name":"deleteUserById","decl":{"start":{"line":63,"column":9},"end":{"line":63,"column":23}},"loc":{"start":{"line":63,"column":28},"end":{"line":65,"column":1}},"line":63},"9":{"name":"instantiateUser","decl":{"start":{"line":68,"column":15},"end":{"line":68,"column":30}},"loc":{"start":{"line":68,"column":37},"end":{"line":73,"column":1}},"line":68},"10":{"name":"addTask","decl":{"start":{"line":76,"column":9},"end":{"line":76,"column":16}},"loc":{"start":{"line":76,"column":36},"end":{"line":85,"column":1}},"line":76},"11":{"name":"deleteTask","decl":{"start":{"line":88,"column":9},"end":{"line":88,"column":19}},"loc":{"start":{"line":88,"column":42},"end":{"line":93,"column":1}},"line":88},"12":{"name":"editTask","decl":{"start":{"line":97,"column":9},"end":{"line":97,"column":17}},"loc":{"start":{"line":97,"column":37},"end":{"line":103,"column":1}},"line":97}},"branchMap":{"0":{"loc":{"start":{"line":26,"column":4},"end":{"line":30,"column":5}},"type":"if","locations":[{"start":{"line":26,"column":4},"end":{"line":30,"column":5}},{"start":{"line":28,"column":11},"end":{"line":30,"column":5}}],"line":26}},"s":{"0":1,"1":1,"2":2,"3":1,"4":1,"5":2,"6":1,"7":1,"8":2,"9":2,"10":1,"11":6,"12":1,"13":1,"14":1,"15":1,"16":1,"17":1,"18":1,"19":1,"20":1,"21":1,"22":2,"23":2,"24":1,"25":1,"26":1,"27":1},"f":{"0":2,"1":1,"2":2,"3":2,"4":1,"5":6,"6":1,"7":1,"8":1,"9":1,"10":2,"11":1,"12":1},"b":{"0":[1,1]},"inputSourceMap":null,"_coverageSchema":"1a1c01bbd47fc00a2c39e90264f33305004495a9","hash":"c46755362fa48d42b16505453f14f79ebc4eb3fd"}
,"C:\\Users\\nipun\\CS-307\\Taskinator-Project\\packages\\express-backend\\src\\task.js": {"path":"C:\\Users\\nipun\\CS-307\\Taskinator-Project\\packages\\express-backend\\src\\task.js","statementMap":{"0":{"start":{"line":3,"column":23},"end":{"line":43,"column":1}},"1":{"start":{"line":45,"column":13},"end":{"line":45,"column":56}}},"fnMap":{},"branchMap":{},"s":{"0":1,"1":1},"f":{},"b":{},"inputSourceMap":null,"_coverageSchema":"1a1c01bbd47fc00a2c39e90264f33305004495a9","hash":"1823c78a9f0f23075eb8732bf0f1853893133c8a"}
,"C:\\Users\\nipun\\CS-307\\Taskinator-Project\\packages\\express-backend\\src\\user.js": {"path":"C:\\Users\\nipun\\CS-307\\Taskinator-Project\\packages\\express-backend\\src\\user.js","statementMap":{"0":{"start":{"line":3,"column":19},"end":{"line":26,"column":1}},"1":{"start":{"line":28,"column":13},"end":{"line":28,"column":47}}},"fnMap":{},"branchMap":{},"s":{"0":1,"1":1},"f":{},"b":{},"inputSourceMap":null,"_coverageSchema":"1a1c01bbd47fc00a2c39e90264f33305004495a9","hash":"3486dc30a05c8241faa6a8074b764217310386a5"}
}
