TN:
SF:src\services.js
FN:11,connectToMongo
FN:17,(anonymous_1)
FN:24,getUsers
FN:35,getUserById
FN:40,getUserByUsername
FN:45,getTaskListById
FN:50,createTaskList
FN:58,deleteTaskListById
FN:63,deleteUserById
FN:68,instantiateUser
FN:76,addTask
FN:88,deleteTask
FN:97,editTask
FNF:13
FNH:13
FNDA:2,connectToMongo
FNDA:1,(anonymous_1)
FNDA:2,getUsers
FNDA:2,getUserById
FNDA:1,getUserByUsername
FNDA:6,getTaskListById
FNDA:1,createTaskList
FNDA:1,deleteTaskListById
FNDA:1,deleteUserById
FNDA:1,instantiateUser
FNDA:2,addTask
FNDA:1,deleteTask
FNDA:1,editTask
DA:6,1
DA:8,1
DA:12,2
DA:17,1
DA:21,1
DA:26,2
DA:27,1
DA:29,1
DA:31,2
DA:36,2
DA:41,1
DA:46,6
DA:51,1
DA:52,1
DA:53,1
DA:54,1
DA:59,1
DA:64,1
DA:69,1
DA:70,1
DA:71,1
DA:72,1
DA:77,2
DA:84,2
DA:89,1
DA:92,1
DA:98,1
DA:102,1
LF:28
LH:28
BRDA:26,0,0,1
BRDA:26,0,1,1
BRF:2
BRH:2
end_of_record
TN:
SF:src\task.js
FNF:0
FNH:0
DA:3,1
DA:45,1
LF:2
LH:2
BRF:0
BRH:0
end_of_record
TN:
SF:src\user.js
FNF:0
FNH:0
DA:3,1
DA:28,1
LF:2
LH:2
BRF:0
BRH:0
end_of_record
